[2025-03-24T16:28:14.895+0000] {local_task_job_runner.py:123} INFO - ::group::Pre task execution logs
[2025-03-24T16:28:14.925+0000] {taskinstance.py:2614} INFO - Dependencies all met for dep_context=non-requeueable deps ti=<TaskInstance: data_eng_dag_etl.creating_ddl_task manual__2025-03-24T16:28:11.000532+00:00 [queued]>
[2025-03-24T16:28:14.941+0000] {taskinstance.py:2614} INFO - Dependencies all met for dep_context=requeueable deps ti=<TaskInstance: data_eng_dag_etl.creating_ddl_task manual__2025-03-24T16:28:11.000532+00:00 [queued]>
[2025-03-24T16:28:14.942+0000] {taskinstance.py:2867} INFO - Starting attempt 1 of 1
[2025-03-24T16:28:14.965+0000] {taskinstance.py:2890} INFO - Executing <Task(PythonOperator): creating_ddl_task> on 2025-03-24 16:28:11.000532+00:00
[2025-03-24T16:28:14.975+0000] {warnings.py:112} WARNING - /home/***/.local/lib/python3.12/site-packages/***/task/task_runner/standard_task_runner.py:70: DeprecationWarning: This process (pid=87) is multi-threaded, use of fork() may lead to deadlocks in the child.
  pid = os.fork()

[2025-03-24T16:28:14.976+0000] {standard_task_runner.py:72} INFO - Started process 89 to run task
[2025-03-24T16:28:14.979+0000] {standard_task_runner.py:104} INFO - Running: ['***', 'tasks', 'run', 'data_eng_dag_etl', 'creating_ddl_task', 'manual__2025-03-24T16:28:11.000532+00:00', '--job-id', '95', '--raw', '--subdir', 'DAGS_FOLDER/data-eng-dag-etl/dag.py', '--cfg-path', '/tmp/tmpnufw0vic']
[2025-03-24T16:28:14.981+0000] {standard_task_runner.py:105} INFO - Job 95: Subtask creating_ddl_task
[2025-03-24T16:28:15.037+0000] {task_command.py:467} INFO - Running <TaskInstance: data_eng_dag_etl.creating_ddl_task manual__2025-03-24T16:28:11.000532+00:00 [running]> on host d57bacccbb01
[2025-03-24T16:28:15.157+0000] {taskinstance.py:3134} INFO - Exporting env vars: AIRFLOW_CTX_DAG_EMAIL='celulardaveve@gmail.com' AIRFLOW_CTX_DAG_OWNER='Veronica Sa' AIRFLOW_CTX_DAG_ID='data_eng_dag_etl' AIRFLOW_CTX_TASK_ID='creating_ddl_task' AIRFLOW_CTX_EXECUTION_DATE='2025-03-24T16:28:11.000532+00:00' AIRFLOW_CTX_TRY_NUMBER='1' AIRFLOW_CTX_DAG_RUN_ID='manual__2025-03-24T16:28:11.000532+00:00'
[2025-03-24T16:28:15.159+0000] {taskinstance.py:732} INFO - ::endgroup::
[2025-03-24T16:28:15.202+0000] {base.py:84} INFO - Retrieving connection 'snowflake_default'
[2025-03-24T16:28:15.203+0000] {connection.py:424} INFO - Snowflake Connector for Python Version: 3.13.2, Python Version: 3.12.9, Platform: Linux-6.8.0-52-generic-x86_64-with-glibc2.36
[2025-03-24T16:28:15.208+0000] {connection.py:1213} INFO - Connecting to GLOBAL Snowflake domain
[2025-03-24T16:28:15.209+0000] {connection.py:1295} INFO - This connection is in OCSP Fail Open Mode. TLS Certificates would be checked for validity and revocation status. Any other Certificate Revocation related exceptions or OCSP Responder failures would be disregarded in favor of connectivity.
[2025-03-24T16:28:17.968+0000] {sql.py:511} INFO - Running statement: SELECT *
    FROM TABLE(
    INFER_SCHEMA(
      LOCATION=>'@RECRUITMENT_DB.PUBLIC.S3_FOLDER/flights.gz'
      , FILE_FORMAT=>'my_csv_format'
      )
    );, parameters: None
[2025-03-24T16:28:24.222+0000] {sql.py:520} INFO - Rows affected: 1
[2025-03-24T16:28:24.223+0000] {warnings.py:112} WARNING - /home/***/.local/lib/python3.12/site-packages/***/providers/snowflake/hooks/snowflake.py:468: DeprecationWarning: Import of fetch_all_handler from the '***.providers.common.sql.hooks' module is deprecated and will
be removed in the future. Please import it from '***.providers.common.sql.hooks.handlers'.
  result = self._make_common_data_structure(handler(cur))  # type: ignore[attr-defined]

[2025-03-24T16:28:24.227+0000] {warnings.py:112} WARNING - /home/***/.local/lib/python3.12/site-packages/***/providers/snowflake/hooks/snowflake.py:469: DeprecationWarning: Import of return_single_query_results from the '***.providers.common.sql.hooks' module is deprecated and will
be removed in the future. Please import it from '***.providers.common.sql.hooks.handlers'.
  if return_single_query_results(sql, return_last, split_statements):

[2025-03-24T16:28:24.227+0000] {snowflake.py:477} INFO - Rows affected: 1
[2025-03-24T16:28:24.228+0000] {snowflake.py:478} INFO - Snowflake query id: 01bb39bc-0907-dcc6-006a-f2030076d0ce
[2025-03-24T16:28:24.703+0000] {connection.py:803} INFO - closed
[2025-03-24T16:28:25.041+0000] {connection.py:809} INFO - No async queries seem to be running, deleting session
[2025-03-24T16:28:25.453+0000] {warnings.py:112} WARNING - /home/***/.local/lib/python3.12/site-packages/***/providers/snowflake/hooks/snowflake.py:487: DeprecationWarning: Import of return_single_query_results from the '***.providers.common.sql.hooks' module is deprecated and will
be removed in the future. Please import it from '***.providers.common.sql.hooks.handlers'.
  if return_single_query_results(sql, return_last, split_statements):

[2025-03-24T16:28:25.454+0000] {logging_mixin.py:190} INFO - ##################################
[2025-03-24T16:28:25.454+0000] {logging_mixin.py:190} INFO - String with all columns
[2025-03-24T16:28:25.455+0000] {logging_mixin.py:190} INFO - [('TRANSACTIONID|FLIGHTDATE|AIRLINECODE|AIRLINENAME|TAILNUM|FLIGHTNUM|ORIGINAIRPORTCODE|ORIGAIRPORTNAME|ORIGINCITYNAME|ORIGINSTATE|ORIGINSTATENAME|DESTAIRPORTCODE|DESTAIRPORTNAME|DESTCITYNAME|DESTSTATE|DESTSTATENAME|CRSDEPTIME|DEPTIME|DEPDELAY|TAXIOUT|WHEELSOFF|WHEELSON|TAXIIN|CRSARRTIME|ARRTIME|ARRDELAY|CRSELAPSEDTIME|ACTUALELAPSEDTIME|CANCELLED|DIVERTED|DISTANCE', 'TEXT', True, '$1::TEXT', 'flights.gz', 0)]
[2025-03-24T16:28:25.455+0000] {logging_mixin.py:190} INFO - ##################################
[2025-03-24T16:28:25.455+0000] {logging_mixin.py:190} INFO - Column name in list without pipes
[2025-03-24T16:28:25.455+0000] {logging_mixin.py:190} INFO - ['TRANSACTIONID', 'FLIGHTDATE', 'AIRLINECODE', 'AIRLINENAME', 'TAILNUM', 'FLIGHTNUM', 'ORIGINAIRPORTCODE', 'ORIGAIRPORTNAME', 'ORIGINCITYNAME', 'ORIGINSTATE', 'ORIGINSTATENAME', 'DESTAIRPORTCODE', 'DESTAIRPORTNAME', 'DESTCITYNAME', 'DESTSTATE', 'DESTSTATENAME', 'CRSDEPTIME', 'DEPTIME', 'DEPDELAY', 'TAXIOUT', 'WHEELSOFF', 'WHEELSON', 'TAXIIN', 'CRSARRTIME', 'ARRTIME', 'ARRDELAY', 'CRSELAPSEDTIME', 'ACTUALELAPSEDTIME', 'CANCELLED', 'DIVERTED', 'DISTANCE']
[2025-03-24T16:28:25.455+0000] {logging_mixin.py:190} INFO - ##################################
[2025-03-24T16:28:25.456+0000] {logging_mixin.py:190} INFO - Final DDL:
[2025-03-24T16:28:25.456+0000] {logging_mixin.py:190} INFO - CREATE OR REPLACE TABLE flights (
    TRANSACTIONID VARCHAR,
    FLIGHTDATE DATE,
    AIRLINECODE VARCHAR,
    AIRLINENAME VARCHAR,
    TAILNUM INTEGER,
    FLIGHTNUM INTEGER,
    ORIGINAIRPORTCODE VARCHAR,
    ORIGAIRPORTNAME VARCHAR,
    ORIGINCITYNAME VARCHAR,
    ORIGINSTATE VARCHAR,
    ORIGINSTATENAME VARCHAR,
    DESTAIRPORTCODE VARCHAR,
    DESTAIRPORTNAME VARCHAR,
    DESTCITYNAME VARCHAR,
    DESTSTATE VARCHAR,
    DESTSTATENAME VARCHAR,
    CRSDEPTIME DATE,
    DEPTIME DATE,
    DEPDELAY FLOAT,
    TAXIOUT FLOAT,
    WHEELSOFF VARCHAR,
    WHEELSON VARCHAR,
    TAXIIN FLOAT,
    CRSARRTIME DATE,
    ARRTIME DATE,
    ARRDELAY FLOAT,
    CRSELAPSEDTIME DATE,
    ACTUALELAPSEDTIME DATE,
    CANCELLED BOOLEAN,
    DIVERTED BOOLEAN,
    DISTANCE FLOAT
);
[2025-03-24T16:28:25.457+0000] {connection.py:424} INFO - Snowflake Connector for Python Version: 3.13.2, Python Version: 3.12.9, Platform: Linux-6.8.0-52-generic-x86_64-with-glibc2.36
[2025-03-24T16:28:25.458+0000] {connection.py:1213} INFO - Connecting to GLOBAL Snowflake domain
[2025-03-24T16:28:25.458+0000] {connection.py:1295} INFO - This connection is in OCSP Fail Open Mode. TLS Certificates would be checked for validity and revocation status. Any other Certificate Revocation related exceptions or OCSP Responder failures would be disregarded in favor of connectivity.
[2025-03-24T16:28:27.089+0000] {sql.py:511} INFO - Running statement: CREATE OR REPLACE TABLE flights (
    TRANSACTIONID VARCHAR,
    FLIGHTDATE DATE,
    AIRLINECODE VARCHAR,
    AIRLINENAME VARCHAR,
    TAILNUM INTEGER,
    FLIGHTNUM INTEGER,
    ORIGINAIRPORTCODE VARCHAR,
    ORIGAIRPORTNAME VARCHAR,
    ORIGINCITYNAME VARCHAR,
    ORIGINSTATE VARCHAR,
    ORIGINSTATENAME VARCHAR,
    DESTAIRPORTCODE VARCHAR,
    DESTAIRPORTNAME VARCHAR,
    DESTCITYNAME VARCHAR,
    DESTSTATE VARCHAR,
    DESTSTATENAME VARCHAR,
    CRSDEPTIME DATE,
    DEPTIME DATE,
    DEPDELAY FLOAT,
    TAXIOUT FLOAT,
    WHEELSOFF VARCHAR,
    WHEELSON VARCHAR,
    TAXIIN FLOAT,
    CRSARRTIME DATE,
    ARRTIME DATE,
    ARRDELAY FLOAT,
    CRSELAPSEDTIME DATE,
    ACTUALELAPSEDTIME DATE,
    CANCELLED BOOLEAN,
    DIVERTED BOOLEAN,
    DISTANCE FLOAT
);, parameters: None
[2025-03-24T16:28:27.806+0000] {sql.py:520} INFO - Rows affected: 1
[2025-03-24T16:28:27.807+0000] {snowflake.py:477} INFO - Rows affected: 1
[2025-03-24T16:28:27.808+0000] {snowflake.py:478} INFO - Snowflake query id: 01bb39bc-0907-dcc6-006a-f2030076d0d2
[2025-03-24T16:28:28.318+0000] {connection.py:803} INFO - closed
[2025-03-24T16:28:28.727+0000] {connection.py:809} INFO - No async queries seem to be running, deleting session
[2025-03-24T16:28:29.139+0000] {python.py:240} INFO - Done. Returned value was: CREATE OR REPLACE TABLE flights (
    TRANSACTIONID VARCHAR,
    FLIGHTDATE DATE,
    AIRLINECODE VARCHAR,
    AIRLINENAME VARCHAR,
    TAILNUM INTEGER,
    FLIGHTNUM INTEGER,
    ORIGINAIRPORTCODE VARCHAR,
    ORIGAIRPORTNAME VARCHAR,
    ORIGINCITYNAME VARCHAR,
    ORIGINSTATE VARCHAR,
    ORIGINSTATENAME VARCHAR,
    DESTAIRPORTCODE VARCHAR,
    DESTAIRPORTNAME VARCHAR,
    DESTCITYNAME VARCHAR,
    DESTSTATE VARCHAR,
    DESTSTATENAME VARCHAR,
    CRSDEPTIME DATE,
    DEPTIME DATE,
    DEPDELAY FLOAT,
    TAXIOUT FLOAT,
    WHEELSOFF VARCHAR,
    WHEELSON VARCHAR,
    TAXIIN FLOAT,
    CRSARRTIME DATE,
    ARRTIME DATE,
    ARRDELAY FLOAT,
    CRSELAPSEDTIME DATE,
    ACTUALELAPSEDTIME DATE,
    CANCELLED BOOLEAN,
    DIVERTED BOOLEAN,
    DISTANCE FLOAT
);
[2025-03-24T16:28:29.184+0000] {taskinstance.py:341} INFO - ::group::Post task execution logs
[2025-03-24T16:28:29.184+0000] {taskinstance.py:353} INFO - Marking task as SUCCESS. dag_id=data_eng_dag_etl, task_id=creating_ddl_task, run_id=manual__2025-03-24T16:28:11.000532+00:00, execution_date=20250324T162811, start_date=20250324T162814, end_date=20250324T162829
[2025-03-24T16:28:29.255+0000] {local_task_job_runner.py:266} INFO - Task exited with return code 0
[2025-03-24T16:28:29.301+0000] {taskinstance.py:3901} INFO - 1 downstream tasks scheduled from follow-on schedule check
[2025-03-24T16:28:29.304+0000] {local_task_job_runner.py:245} INFO - ::endgroup::
