[2025-03-24T17:06:07.199+0000] {local_task_job_runner.py:123} INFO - ::group::Pre task execution logs
[2025-03-24T17:06:07.224+0000] {taskinstance.py:2614} INFO - Dependencies all met for dep_context=non-requeueable deps ti=<TaskInstance: data_eng_dag_etl.creating_ddl_task manual__2025-03-24T17:06:03.285045+00:00 [queued]>
[2025-03-24T17:06:07.239+0000] {taskinstance.py:2614} INFO - Dependencies all met for dep_context=requeueable deps ti=<TaskInstance: data_eng_dag_etl.creating_ddl_task manual__2025-03-24T17:06:03.285045+00:00 [queued]>
[2025-03-24T17:06:07.240+0000] {taskinstance.py:2867} INFO - Starting attempt 1 of 1
[2025-03-24T17:06:07.259+0000] {taskinstance.py:2890} INFO - Executing <Task(PythonOperator): creating_ddl_task> on 2025-03-24 17:06:03.285045+00:00
[2025-03-24T17:06:07.264+0000] {warnings.py:112} WARNING - /home/***/.local/lib/python3.12/site-packages/***/task/task_runner/standard_task_runner.py:70: DeprecationWarning: This process (pid=81) is multi-threaded, use of fork() may lead to deadlocks in the child.
  pid = os.fork()

[2025-03-24T17:06:07.265+0000] {standard_task_runner.py:72} INFO - Started process 83 to run task
[2025-03-24T17:06:07.267+0000] {standard_task_runner.py:104} INFO - Running: ['***', 'tasks', 'run', 'data_eng_dag_etl', 'creating_ddl_task', 'manual__2025-03-24T17:06:03.285045+00:00', '--job-id', '107', '--raw', '--subdir', 'DAGS_FOLDER/data-eng-dag-etl/dag.py', '--cfg-path', '/tmp/tmp2sj195ww']
[2025-03-24T17:06:07.270+0000] {standard_task_runner.py:105} INFO - Job 107: Subtask creating_ddl_task
[2025-03-24T17:06:07.333+0000] {task_command.py:467} INFO - Running <TaskInstance: data_eng_dag_etl.creating_ddl_task manual__2025-03-24T17:06:03.285045+00:00 [running]> on host ffe3366215ef
[2025-03-24T17:06:07.446+0000] {taskinstance.py:3134} INFO - Exporting env vars: AIRFLOW_CTX_DAG_EMAIL='celulardaveve@gmail.com' AIRFLOW_CTX_DAG_OWNER='Veronica Sa' AIRFLOW_CTX_DAG_ID='data_eng_dag_etl' AIRFLOW_CTX_TASK_ID='creating_ddl_task' AIRFLOW_CTX_EXECUTION_DATE='2025-03-24T17:06:03.285045+00:00' AIRFLOW_CTX_TRY_NUMBER='1' AIRFLOW_CTX_DAG_RUN_ID='manual__2025-03-24T17:06:03.285045+00:00'
[2025-03-24T17:06:07.448+0000] {taskinstance.py:732} INFO - ::endgroup::
[2025-03-24T17:06:07.503+0000] {base.py:84} INFO - Retrieving connection 'snowflake_default'
[2025-03-24T17:06:07.504+0000] {connection.py:424} INFO - Snowflake Connector for Python Version: 3.13.2, Python Version: 3.12.9, Platform: Linux-6.8.0-52-generic-x86_64-with-glibc2.36
[2025-03-24T17:06:07.508+0000] {connection.py:1213} INFO - Connecting to GLOBAL Snowflake domain
[2025-03-24T17:06:07.509+0000] {connection.py:1295} INFO - This connection is in OCSP Fail Open Mode. TLS Certificates would be checked for validity and revocation status. Any other Certificate Revocation related exceptions or OCSP Responder failures would be disregarded in favor of connectivity.
[2025-03-24T17:06:09.794+0000] {sql.py:511} INFO - Running statement: SELECT *
    FROM TABLE(
    INFER_SCHEMA(
      LOCATION=>'@RECRUITMENT_DB.PUBLIC.S3_FOLDER/flights.gz'
      , FILE_FORMAT=>'infer_schema_format'
      )
    );, parameters: None
[2025-03-24T17:06:16.618+0000] {sql.py:520} INFO - Rows affected: 1
[2025-03-24T17:06:16.620+0000] {warnings.py:112} WARNING - /home/***/.local/lib/python3.12/site-packages/***/providers/snowflake/hooks/snowflake.py:468: DeprecationWarning: Import of fetch_all_handler from the '***.providers.common.sql.hooks' module is deprecated and will
be removed in the future. Please import it from '***.providers.common.sql.hooks.handlers'.
  result = self._make_common_data_structure(handler(cur))  # type: ignore[attr-defined]

[2025-03-24T17:06:16.627+0000] {warnings.py:112} WARNING - /home/***/.local/lib/python3.12/site-packages/***/providers/snowflake/hooks/snowflake.py:469: DeprecationWarning: Import of return_single_query_results from the '***.providers.common.sql.hooks' module is deprecated and will
be removed in the future. Please import it from '***.providers.common.sql.hooks.handlers'.
  if return_single_query_results(sql, return_last, split_statements):

[2025-03-24T17:06:16.628+0000] {snowflake.py:477} INFO - Rows affected: 1
[2025-03-24T17:06:16.628+0000] {snowflake.py:478} INFO - Snowflake query id: 01bb39e2-0907-c6ea-006a-f2030076e102
[2025-03-24T17:06:17.026+0000] {connection.py:803} INFO - closed
[2025-03-24T17:06:17.334+0000] {connection.py:809} INFO - No async queries seem to be running, deleting session
[2025-03-24T17:06:17.645+0000] {warnings.py:112} WARNING - /home/***/.local/lib/python3.12/site-packages/***/providers/snowflake/hooks/snowflake.py:487: DeprecationWarning: Import of return_single_query_results from the '***.providers.common.sql.hooks' module is deprecated and will
be removed in the future. Please import it from '***.providers.common.sql.hooks.handlers'.
  if return_single_query_results(sql, return_last, split_statements):

[2025-03-24T17:06:17.647+0000] {dag.py:46} INFO - String with all columns
[2025-03-24T17:06:17.647+0000] {dag.py:47} INFO - [('TRANSACTIONID|FLIGHTDATE|AIRLINECODE|AIRLINENAME|TAILNUM|FLIGHTNUM|ORIGINAIRPORTCODE|ORIGAIRPORTNAME|ORIGINCITYNAME|ORIGINSTATE|ORIGINSTATENAME|DESTAIRPORTCODE|DESTAIRPORTNAME|DESTCITYNAME|DESTSTATE|DESTSTATENAME|CRSDEPTIME|DEPTIME|DEPDELAY|TAXIOUT|WHEELSOFF|WHEELSON|TAXIIN|CRSARRTIME|ARRTIME|ARRDELAY|CRSELAPSEDTIME|ACTUALELAPSEDTIME|CANCELLED|DIVERTED|DISTANCE', 'TEXT', True, '$1::TEXT', 'flights.gz', 0)]
[2025-03-24T17:06:17.648+0000] {dag.py:53} INFO - Column name in list without pipes
[2025-03-24T17:06:17.648+0000] {dag.py:54} INFO - ['TRANSACTIONID', 'FLIGHTDATE', 'AIRLINECODE', 'AIRLINENAME', 'TAILNUM', 'FLIGHTNUM', 'ORIGINAIRPORTCODE', 'ORIGAIRPORTNAME', 'ORIGINCITYNAME', 'ORIGINSTATE', 'ORIGINSTATENAME', 'DESTAIRPORTCODE', 'DESTAIRPORTNAME', 'DESTCITYNAME', 'DESTSTATE', 'DESTSTATENAME', 'CRSDEPTIME', 'DEPTIME', 'DEPDELAY', 'TAXIOUT', 'WHEELSOFF', 'WHEELSON', 'TAXIIN', 'CRSARRTIME', 'ARRTIME', 'ARRDELAY', 'CRSELAPSEDTIME', 'ACTUALELAPSEDTIME', 'CANCELLED', 'DIVERTED', 'DISTANCE']
[2025-03-24T17:06:17.649+0000] {dag.py:71} INFO - Final DDL:
[2025-03-24T17:06:17.650+0000] {dag.py:72} INFO - CREATE OR REPLACE TABLE flights (
    TRANSACTIONID VARCHAR,
    FLIGHTDATE DATE,
    AIRLINECODE VARCHAR,
    AIRLINENAME VARCHAR,
    TAILNUM VARCHAR,
    FLIGHTNUM VARCHAR,
    ORIGINAIRPORTCODE VARCHAR,
    ORIGAIRPORTNAME VARCHAR,
    ORIGINCITYNAME VARCHAR,
    ORIGINSTATE VARCHAR,
    ORIGINSTATENAME VARCHAR,
    DESTAIRPORTCODE VARCHAR,
    DESTAIRPORTNAME VARCHAR,
    DESTCITYNAME VARCHAR,
    DESTSTATE VARCHAR,
    DESTSTATENAME VARCHAR,
    CRSDEPTIME DATE,
    DEPTIME DATE,
    DEPDELAY VARCHAR,
    TAXIOUT VARCHAR,
    WHEELSOFF VARCHAR,
    WHEELSON VARCHAR,
    TAXIIN VARCHAR,
    CRSARRTIME DATE,
    ARRTIME DATE,
    ARRDELAY VARCHAR,
    CRSELAPSEDTIME DATE,
    ACTUALELAPSEDTIME DATE,
    CANCELLED BOOLEAN,
    DIVERTED BOOLEAN,
    DISTANCE VARCHAR
);
[2025-03-24T17:06:17.652+0000] {connection.py:424} INFO - Snowflake Connector for Python Version: 3.13.2, Python Version: 3.12.9, Platform: Linux-6.8.0-52-generic-x86_64-with-glibc2.36
[2025-03-24T17:06:17.653+0000] {connection.py:1213} INFO - Connecting to GLOBAL Snowflake domain
[2025-03-24T17:06:17.653+0000] {connection.py:1295} INFO - This connection is in OCSP Fail Open Mode. TLS Certificates would be checked for validity and revocation status. Any other Certificate Revocation related exceptions or OCSP Responder failures would be disregarded in favor of connectivity.
[2025-03-24T17:06:19.383+0000] {sql.py:511} INFO - Running statement: CREATE OR REPLACE TABLE flights (
    TRANSACTIONID VARCHAR,
    FLIGHTDATE DATE,
    AIRLINECODE VARCHAR,
    AIRLINENAME VARCHAR,
    TAILNUM VARCHAR,
    FLIGHTNUM VARCHAR,
    ORIGINAIRPORTCODE VARCHAR,
    ORIGAIRPORTNAME VARCHAR,
    ORIGINCITYNAME VARCHAR,
    ORIGINSTATE VARCHAR,
    ORIGINSTATENAME VARCHAR,
    DESTAIRPORTCODE VARCHAR,
    DESTAIRPORTNAME VARCHAR,
    DESTCITYNAME VARCHAR,
    DESTSTATE VARCHAR,
    DESTSTATENAME VARCHAR,
    CRSDEPTIME DATE,
    DEPTIME DATE,
    DEPDELAY VARCHAR,
    TAXIOUT VARCHAR,
    WHEELSOFF VARCHAR,
    WHEELSON VARCHAR,
    TAXIIN VARCHAR,
    CRSARRTIME DATE,
    ARRTIME DATE,
    ARRDELAY VARCHAR,
    CRSELAPSEDTIME DATE,
    ACTUALELAPSEDTIME DATE,
    CANCELLED BOOLEAN,
    DIVERTED BOOLEAN,
    DISTANCE VARCHAR
);, parameters: None
[2025-03-24T17:06:19.996+0000] {sql.py:520} INFO - Rows affected: 1
[2025-03-24T17:06:19.997+0000] {snowflake.py:477} INFO - Rows affected: 1
[2025-03-24T17:06:20.000+0000] {snowflake.py:478} INFO - Snowflake query id: 01bb39e2-0907-c6ea-006a-f2030076e106
[2025-03-24T17:06:20.304+0000] {connection.py:803} INFO - closed
[2025-03-24T17:06:20.610+0000] {connection.py:809} INFO - No async queries seem to be running, deleting session
[2025-03-24T17:06:20.920+0000] {python.py:240} INFO - Done. Returned value was: CREATE OR REPLACE TABLE flights (
    TRANSACTIONID VARCHAR,
    FLIGHTDATE DATE,
    AIRLINECODE VARCHAR,
    AIRLINENAME VARCHAR,
    TAILNUM VARCHAR,
    FLIGHTNUM VARCHAR,
    ORIGINAIRPORTCODE VARCHAR,
    ORIGAIRPORTNAME VARCHAR,
    ORIGINCITYNAME VARCHAR,
    ORIGINSTATE VARCHAR,
    ORIGINSTATENAME VARCHAR,
    DESTAIRPORTCODE VARCHAR,
    DESTAIRPORTNAME VARCHAR,
    DESTCITYNAME VARCHAR,
    DESTSTATE VARCHAR,
    DESTSTATENAME VARCHAR,
    CRSDEPTIME DATE,
    DEPTIME DATE,
    DEPDELAY VARCHAR,
    TAXIOUT VARCHAR,
    WHEELSOFF VARCHAR,
    WHEELSON VARCHAR,
    TAXIIN VARCHAR,
    CRSARRTIME DATE,
    ARRTIME DATE,
    ARRDELAY VARCHAR,
    CRSELAPSEDTIME DATE,
    ACTUALELAPSEDTIME DATE,
    CANCELLED BOOLEAN,
    DIVERTED BOOLEAN,
    DISTANCE VARCHAR
);
[2025-03-24T17:06:20.956+0000] {taskinstance.py:341} INFO - ::group::Post task execution logs
[2025-03-24T17:06:20.956+0000] {taskinstance.py:353} INFO - Marking task as SUCCESS. dag_id=data_eng_dag_etl, task_id=creating_ddl_task, run_id=manual__2025-03-24T17:06:03.285045+00:00, execution_date=20250324T170603, start_date=20250324T170607, end_date=20250324T170620
[2025-03-24T17:06:21.044+0000] {local_task_job_runner.py:266} INFO - Task exited with return code 0
[2025-03-24T17:06:21.094+0000] {taskinstance.py:3901} INFO - 1 downstream tasks scheduled from follow-on schedule check
[2025-03-24T17:06:21.096+0000] {local_task_job_runner.py:245} INFO - ::endgroup::
