[2025-03-24T10:41:52.706+0000] {local_task_job_runner.py:123} INFO - ::group::Pre task execution logs
[2025-03-24T10:41:52.733+0000] {taskinstance.py:2614} INFO - Dependencies all met for dep_context=non-requeueable deps ti=<TaskInstance: data_eng_dag_etl.list_files_from_snowflake manual__2025-03-24T10:41:48.887473+00:00 [queued]>
[2025-03-24T10:41:52.749+0000] {taskinstance.py:2614} INFO - Dependencies all met for dep_context=requeueable deps ti=<TaskInstance: data_eng_dag_etl.list_files_from_snowflake manual__2025-03-24T10:41:48.887473+00:00 [queued]>
[2025-03-24T10:41:52.749+0000] {taskinstance.py:2867} INFO - Starting attempt 1 of 1
[2025-03-24T10:41:52.766+0000] {taskinstance.py:2890} INFO - Executing <Task(PythonOperator): list_files_from_snowflake> on 2025-03-24 10:41:48.887473+00:00
[2025-03-24T10:41:52.776+0000] {warnings.py:112} WARNING - /home/***/.local/lib/python3.12/site-packages/***/task/task_runner/standard_task_runner.py:70: DeprecationWarning: This process (pid=80) is multi-threaded, use of fork() may lead to deadlocks in the child.
  pid = os.fork()

[2025-03-24T10:41:52.777+0000] {standard_task_runner.py:72} INFO - Started process 82 to run task
[2025-03-24T10:41:52.778+0000] {standard_task_runner.py:104} INFO - Running: ['***', 'tasks', 'run', 'data_eng_dag_etl', 'list_files_from_snowflake', 'manual__2025-03-24T10:41:48.887473+00:00', '--job-id', '49', '--raw', '--subdir', 'DAGS_FOLDER/data-eng-dag-etl/dag.py', '--cfg-path', '/tmp/tmpa38tcwvj']
[2025-03-24T10:41:52.781+0000] {standard_task_runner.py:105} INFO - Job 49: Subtask list_files_from_snowflake
[2025-03-24T10:41:52.844+0000] {task_command.py:467} INFO - Running <TaskInstance: data_eng_dag_etl.list_files_from_snowflake manual__2025-03-24T10:41:48.887473+00:00 [running]> on host 3f799a3f18f8
[2025-03-24T10:41:52.957+0000] {taskinstance.py:3134} INFO - Exporting env vars: AIRFLOW_CTX_DAG_EMAIL='celulardaveve@gmail.com' AIRFLOW_CTX_DAG_OWNER='Veronica Sa' AIRFLOW_CTX_DAG_ID='data_eng_dag_etl' AIRFLOW_CTX_TASK_ID='list_files_from_snowflake' AIRFLOW_CTX_EXECUTION_DATE='2025-03-24T10:41:48.887473+00:00' AIRFLOW_CTX_TRY_NUMBER='1' AIRFLOW_CTX_DAG_RUN_ID='manual__2025-03-24T10:41:48.887473+00:00'
[2025-03-24T10:41:52.959+0000] {taskinstance.py:732} INFO - ::endgroup::
[2025-03-24T10:41:52.995+0000] {base.py:84} INFO - Retrieving connection 'snowflake_default'
[2025-03-24T10:41:52.996+0000] {connection.py:424} INFO - Snowflake Connector for Python Version: 3.13.2, Python Version: 3.12.9, Platform: Linux-6.8.0-52-generic-x86_64-with-glibc2.36
[2025-03-24T10:41:52.999+0000] {connection.py:1213} INFO - Connecting to GLOBAL Snowflake domain
[2025-03-24T10:41:52.999+0000] {connection.py:1295} INFO - This connection is in OCSP Fail Open Mode. TLS Certificates would be checked for validity and revocation status. Any other Certificate Revocation related exceptions or OCSP Responder failures would be disregarded in favor of connectivity.
[2025-03-24T10:42:01.259+0000] {sql.py:511} INFO - Running statement: LIST @RECRUITMENT_DB.PUBLIC.S3_FOLDER;, parameters: None
[2025-03-24T10:42:01.647+0000] {sql.py:520} INFO - Rows affected: 1
[2025-03-24T10:42:01.649+0000] {warnings.py:112} WARNING - /home/***/.local/lib/python3.12/site-packages/***/providers/snowflake/hooks/snowflake.py:468: DeprecationWarning: Import of fetch_one_handler from the '***.providers.common.sql.hooks' module is deprecated and will
be removed in the future. Please import it from '***.providers.common.sql.hooks.handlers'.
  result = self._make_common_data_structure(handler(cur))  # type: ignore[attr-defined]

[2025-03-24T10:42:01.653+0000] {warnings.py:112} WARNING - /home/***/.local/lib/python3.12/site-packages/***/providers/snowflake/hooks/snowflake.py:469: DeprecationWarning: Import of return_single_query_results from the '***.providers.common.sql.hooks' module is deprecated and will
be removed in the future. Please import it from '***.providers.common.sql.hooks.handlers'.
  if return_single_query_results(sql, return_last, split_statements):

[2025-03-24T10:42:01.654+0000] {snowflake.py:477} INFO - Rows affected: 1
[2025-03-24T10:42:01.654+0000] {snowflake.py:478} INFO - Snowflake query id: 01bb3862-0907-c6ea-006a-f20300769f3e
[2025-03-24T10:42:01.965+0000] {connection.py:803} INFO - closed
[2025-03-24T10:42:02.214+0000] {connection.py:809} INFO - No async queries seem to be running, deleting session
[2025-03-24T10:42:02.480+0000] {warnings.py:112} WARNING - /home/***/.local/lib/python3.12/site-packages/***/providers/snowflake/hooks/snowflake.py:487: DeprecationWarning: Import of return_single_query_results from the '***.providers.common.sql.hooks' module is deprecated and will
be removed in the future. Please import it from '***.providers.common.sql.hooks.handlers'.
  if return_single_query_results(sql, return_last, split_statements):

[2025-03-24T10:42:02.481+0000] {python.py:240} INFO - Done. Returned value was: s3://iw-recruiting-dataset/flights.gz
[2025-03-24T10:42:02.514+0000] {taskinstance.py:341} INFO - ::group::Post task execution logs
[2025-03-24T10:42:02.515+0000] {taskinstance.py:353} INFO - Marking task as SUCCESS. dag_id=data_eng_dag_etl, task_id=list_files_from_snowflake, run_id=manual__2025-03-24T10:41:48.887473+00:00, execution_date=20250324T104148, start_date=20250324T104152, end_date=20250324T104202
[2025-03-24T10:42:02.578+0000] {local_task_job_runner.py:266} INFO - Task exited with return code 0
[2025-03-24T10:42:02.622+0000] {taskinstance.py:3901} INFO - 1 downstream tasks scheduled from follow-on schedule check
[2025-03-24T10:42:02.625+0000] {local_task_job_runner.py:245} INFO - ::endgroup::
