[2025-03-24T09:04:43.868+0000] {local_task_job_runner.py:123} INFO - ::group::Pre task execution logs
[2025-03-24T09:04:43.898+0000] {taskinstance.py:2614} INFO - Dependencies all met for dep_context=non-requeueable deps ti=<TaskInstance: data_eng_dag_etl.execute_snowflake_query manual__2025-03-24T09:04:40.269838+00:00 [queued]>
[2025-03-24T09:04:43.907+0000] {taskinstance.py:2614} INFO - Dependencies all met for dep_context=requeueable deps ti=<TaskInstance: data_eng_dag_etl.execute_snowflake_query manual__2025-03-24T09:04:40.269838+00:00 [queued]>
[2025-03-24T09:04:43.907+0000] {taskinstance.py:2867} INFO - Starting attempt 1 of 1
[2025-03-24T09:04:43.916+0000] {taskinstance.py:2890} INFO - Executing <Task(PythonOperator): execute_snowflake_query> on 2025-03-24 09:04:40.269838+00:00
[2025-03-24T09:04:43.921+0000] {warnings.py:112} WARNING - /home/***/.local/lib/python3.12/site-packages/***/task/task_runner/standard_task_runner.py:70: DeprecationWarning: This process (pid=87) is multi-threaded, use of fork() may lead to deadlocks in the child.
  pid = os.fork()

[2025-03-24T09:04:43.922+0000] {standard_task_runner.py:72} INFO - Started process 89 to run task
[2025-03-24T09:04:43.923+0000] {standard_task_runner.py:104} INFO - Running: ['***', 'tasks', 'run', 'data_eng_dag_etl', 'execute_snowflake_query', 'manual__2025-03-24T09:04:40.269838+00:00', '--job-id', '29', '--raw', '--subdir', 'DAGS_FOLDER/data-eng-dag-etl/dag.py', '--cfg-path', '/tmp/tmpzsn2a79i']
[2025-03-24T09:04:43.925+0000] {standard_task_runner.py:105} INFO - Job 29: Subtask execute_snowflake_query
[2025-03-24T09:04:43.989+0000] {task_command.py:467} INFO - Running <TaskInstance: data_eng_dag_etl.execute_snowflake_query manual__2025-03-24T09:04:40.269838+00:00 [running]> on host c3c90dfb15c3
[2025-03-24T09:04:44.092+0000] {taskinstance.py:3134} INFO - Exporting env vars: AIRFLOW_CTX_DAG_OWNER='***' AIRFLOW_CTX_DAG_ID='data_eng_dag_etl' AIRFLOW_CTX_TASK_ID='execute_snowflake_query' AIRFLOW_CTX_EXECUTION_DATE='2025-03-24T09:04:40.269838+00:00' AIRFLOW_CTX_TRY_NUMBER='1' AIRFLOW_CTX_DAG_RUN_ID='manual__2025-03-24T09:04:40.269838+00:00'
[2025-03-24T09:04:44.093+0000] {taskinstance.py:732} INFO - ::endgroup::
[2025-03-24T09:04:44.123+0000] {base.py:84} INFO - Retrieving connection 'snowflake_default'
[2025-03-24T09:04:44.123+0000] {connection.py:424} INFO - Snowflake Connector for Python Version: 3.13.2, Python Version: 3.12.9, Platform: Linux-6.8.0-52-generic-x86_64-with-glibc2.36
[2025-03-24T09:04:44.125+0000] {connection.py:1213} INFO - Connecting to GLOBAL Snowflake domain
[2025-03-24T09:04:44.125+0000] {connection.py:1295} INFO - This connection is in OCSP Fail Open Mode. TLS Certificates would be checked for validity and revocation status. Any other Certificate Revocation related exceptions or OCSP Responder failures would be disregarded in favor of connectivity.
[2025-03-24T09:05:02.143+0000] {sql.py:511} INFO - Running statement: LIST @RECRUITMENT_DB.PUBLIC.S3_FOLDER;, parameters: None
[2025-03-24T09:05:03.076+0000] {sql.py:520} INFO - Rows affected: 1
[2025-03-24T09:05:03.078+0000] {warnings.py:112} WARNING - /home/***/.local/lib/python3.12/site-packages/***/providers/snowflake/hooks/snowflake.py:468: DeprecationWarning: Import of fetch_one_handler from the '***.providers.common.sql.hooks' module is deprecated and will
be removed in the future. Please import it from '***.providers.common.sql.hooks.handlers'.
  result = self._make_common_data_structure(handler(cur))  # type: ignore[attr-defined]

[2025-03-24T09:05:03.082+0000] {warnings.py:112} WARNING - /home/***/.local/lib/python3.12/site-packages/***/providers/snowflake/hooks/snowflake.py:469: DeprecationWarning: Import of return_single_query_results from the '***.providers.common.sql.hooks' module is deprecated and will
be removed in the future. Please import it from '***.providers.common.sql.hooks.handlers'.
  if return_single_query_results(sql, return_last, split_statements):

[2025-03-24T09:05:03.083+0000] {snowflake.py:477} INFO - Rows affected: 1
[2025-03-24T09:05:03.083+0000] {snowflake.py:478} INFO - Snowflake query id: 01bb3801-0907-d01f-006a-f20300768f72
[2025-03-24T09:05:03.366+0000] {connection.py:803} INFO - closed
[2025-03-24T09:05:03.615+0000] {connection.py:809} INFO - No async queries seem to be running, deleting session
[2025-03-24T09:05:04.275+0000] {warnings.py:112} WARNING - /home/***/.local/lib/python3.12/site-packages/***/providers/snowflake/hooks/snowflake.py:487: DeprecationWarning: Import of return_single_query_results from the '***.providers.common.sql.hooks' module is deprecated and will
be removed in the future. Please import it from '***.providers.common.sql.hooks.handlers'.
  if return_single_query_results(sql, return_last, split_statements):

[2025-03-24T09:05:04.276+0000] {logging_mixin.py:190} INFO - ('s3://iw-recruiting-dataset/flights.gz', 48835247, '5e3e1b99afa2998e7459bab2cdc2ee90-3', 'Wed, 6 Jul 2022 01:43:24 GMT')
[2025-03-24T09:05:04.276+0000] {python.py:240} INFO - Done. Returned value was: ('s3://iw-recruiting-dataset/flights.gz', 48835247, '5e3e1b99afa2998e7459bab2cdc2ee90-3', 'Wed, 6 Jul 2022 01:43:24 GMT')
[2025-03-24T09:05:04.321+0000] {taskinstance.py:341} INFO - ::group::Post task execution logs
[2025-03-24T09:05:04.322+0000] {taskinstance.py:353} INFO - Marking task as SUCCESS. dag_id=data_eng_dag_etl, task_id=execute_snowflake_query, run_id=manual__2025-03-24T09:04:40.269838+00:00, execution_date=20250324T090440, start_date=20250324T090443, end_date=20250324T090504
[2025-03-24T09:05:04.371+0000] {local_task_job_runner.py:266} INFO - Task exited with return code 0
[2025-03-24T09:05:04.382+0000] {taskinstance.py:3901} INFO - 0 downstream tasks scheduled from follow-on schedule check
[2025-03-24T09:05:04.385+0000] {local_task_job_runner.py:245} INFO - ::endgroup::
