[2025-03-07T18:42:50.742+0000] {processor.py:186} INFO - Started process (PID=335) to work on /opt/airflow/dags/check-dag-status/check_dags_constants.py
[2025-03-07T18:42:50.743+0000] {processor.py:914} INFO - Processing file /opt/airflow/dags/check-dag-status/check_dags_constants.py for tasks to queue
[2025-03-07T18:42:50.744+0000] {logging_mixin.py:190} INFO - [2025-03-07T18:42:50.744+0000] {dagbag.py:588} INFO - Filling up the DagBag from /opt/airflow/dags/check-dag-status/check_dags_constants.py
[2025-03-07T18:42:50.746+0000] {processor.py:927} WARNING - No viable dags retrieved from /opt/airflow/dags/check-dag-status/check_dags_constants.py
[2025-03-07T18:42:50.757+0000] {processor.py:208} INFO - Processing /opt/airflow/dags/check-dag-status/check_dags_constants.py took 0.020 seconds
[2025-03-07T18:43:21.040+0000] {processor.py:186} INFO - Started process (PID=343) to work on /opt/airflow/dags/check-dag-status/check_dags_constants.py
[2025-03-07T18:43:21.041+0000] {processor.py:914} INFO - Processing file /opt/airflow/dags/check-dag-status/check_dags_constants.py for tasks to queue
[2025-03-07T18:43:21.043+0000] {logging_mixin.py:190} INFO - [2025-03-07T18:43:21.042+0000] {dagbag.py:588} INFO - Filling up the DagBag from /opt/airflow/dags/check-dag-status/check_dags_constants.py
[2025-03-07T18:43:21.049+0000] {processor.py:927} WARNING - No viable dags retrieved from /opt/airflow/dags/check-dag-status/check_dags_constants.py
[2025-03-07T18:43:21.063+0000] {processor.py:208} INFO - Processing /opt/airflow/dags/check-dag-status/check_dags_constants.py took 0.029 seconds
[2025-03-07T18:43:51.353+0000] {processor.py:186} INFO - Started process (PID=352) to work on /opt/airflow/dags/check-dag-status/check_dags_constants.py
[2025-03-07T18:43:51.354+0000] {processor.py:914} INFO - Processing file /opt/airflow/dags/check-dag-status/check_dags_constants.py for tasks to queue
[2025-03-07T18:43:51.356+0000] {logging_mixin.py:190} INFO - [2025-03-07T18:43:51.356+0000] {dagbag.py:588} INFO - Filling up the DagBag from /opt/airflow/dags/check-dag-status/check_dags_constants.py
[2025-03-07T18:43:51.363+0000] {processor.py:927} WARNING - No viable dags retrieved from /opt/airflow/dags/check-dag-status/check_dags_constants.py
[2025-03-07T18:43:51.375+0000] {processor.py:208} INFO - Processing /opt/airflow/dags/check-dag-status/check_dags_constants.py took 0.028 seconds
[2025-03-07T18:44:21.650+0000] {processor.py:186} INFO - Started process (PID=360) to work on /opt/airflow/dags/check-dag-status/check_dags_constants.py
[2025-03-07T18:44:21.651+0000] {processor.py:914} INFO - Processing file /opt/airflow/dags/check-dag-status/check_dags_constants.py for tasks to queue
[2025-03-07T18:44:21.652+0000] {logging_mixin.py:190} INFO - [2025-03-07T18:44:21.652+0000] {dagbag.py:588} INFO - Filling up the DagBag from /opt/airflow/dags/check-dag-status/check_dags_constants.py
[2025-03-07T18:44:21.659+0000] {processor.py:927} WARNING - No viable dags retrieved from /opt/airflow/dags/check-dag-status/check_dags_constants.py
[2025-03-07T18:44:21.670+0000] {processor.py:208} INFO - Processing /opt/airflow/dags/check-dag-status/check_dags_constants.py took 0.027 seconds
[2025-03-07T18:44:51.939+0000] {processor.py:186} INFO - Started process (PID=368) to work on /opt/airflow/dags/check-dag-status/check_dags_constants.py
[2025-03-07T18:44:51.940+0000] {processor.py:914} INFO - Processing file /opt/airflow/dags/check-dag-status/check_dags_constants.py for tasks to queue
[2025-03-07T18:44:51.942+0000] {logging_mixin.py:190} INFO - [2025-03-07T18:44:51.942+0000] {dagbag.py:588} INFO - Filling up the DagBag from /opt/airflow/dags/check-dag-status/check_dags_constants.py
[2025-03-07T18:44:51.948+0000] {processor.py:927} WARNING - No viable dags retrieved from /opt/airflow/dags/check-dag-status/check_dags_constants.py
[2025-03-07T18:44:51.961+0000] {processor.py:208} INFO - Processing /opt/airflow/dags/check-dag-status/check_dags_constants.py took 0.029 seconds
[2025-03-07T18:45:22.256+0000] {processor.py:186} INFO - Started process (PID=376) to work on /opt/airflow/dags/check-dag-status/check_dags_constants.py
[2025-03-07T18:45:22.256+0000] {processor.py:914} INFO - Processing file /opt/airflow/dags/check-dag-status/check_dags_constants.py for tasks to queue
[2025-03-07T18:45:22.257+0000] {logging_mixin.py:190} INFO - [2025-03-07T18:45:22.257+0000] {dagbag.py:588} INFO - Filling up the DagBag from /opt/airflow/dags/check-dag-status/check_dags_constants.py
[2025-03-07T18:45:22.258+0000] {processor.py:927} WARNING - No viable dags retrieved from /opt/airflow/dags/check-dag-status/check_dags_constants.py
[2025-03-07T18:45:22.271+0000] {processor.py:208} INFO - Processing /opt/airflow/dags/check-dag-status/check_dags_constants.py took 0.019 seconds
[2025-03-07T18:45:52.549+0000] {processor.py:186} INFO - Started process (PID=384) to work on /opt/airflow/dags/check-dag-status/check_dags_constants.py
[2025-03-07T18:45:52.550+0000] {processor.py:914} INFO - Processing file /opt/airflow/dags/check-dag-status/check_dags_constants.py for tasks to queue
[2025-03-07T18:45:52.552+0000] {logging_mixin.py:190} INFO - [2025-03-07T18:45:52.552+0000] {dagbag.py:588} INFO - Filling up the DagBag from /opt/airflow/dags/check-dag-status/check_dags_constants.py
[2025-03-07T18:45:52.554+0000] {processor.py:927} WARNING - No viable dags retrieved from /opt/airflow/dags/check-dag-status/check_dags_constants.py
[2025-03-07T18:45:52.567+0000] {processor.py:208} INFO - Processing /opt/airflow/dags/check-dag-status/check_dags_constants.py took 0.025 seconds
[2025-03-07T18:46:22.810+0000] {processor.py:186} INFO - Started process (PID=392) to work on /opt/airflow/dags/check-dag-status/check_dags_constants.py
[2025-03-07T18:46:22.811+0000] {processor.py:914} INFO - Processing file /opt/airflow/dags/check-dag-status/check_dags_constants.py for tasks to queue
[2025-03-07T18:46:22.813+0000] {logging_mixin.py:190} INFO - [2025-03-07T18:46:22.812+0000] {dagbag.py:588} INFO - Filling up the DagBag from /opt/airflow/dags/check-dag-status/check_dags_constants.py
[2025-03-07T18:46:22.816+0000] {processor.py:927} WARNING - No viable dags retrieved from /opt/airflow/dags/check-dag-status/check_dags_constants.py
[2025-03-07T18:46:22.829+0000] {processor.py:208} INFO - Processing /opt/airflow/dags/check-dag-status/check_dags_constants.py took 0.026 seconds
[2025-03-07T18:46:53.106+0000] {processor.py:186} INFO - Started process (PID=400) to work on /opt/airflow/dags/check-dag-status/check_dags_constants.py
[2025-03-07T18:46:53.107+0000] {processor.py:914} INFO - Processing file /opt/airflow/dags/check-dag-status/check_dags_constants.py for tasks to queue
[2025-03-07T18:46:53.109+0000] {logging_mixin.py:190} INFO - [2025-03-07T18:46:53.109+0000] {dagbag.py:588} INFO - Filling up the DagBag from /opt/airflow/dags/check-dag-status/check_dags_constants.py
[2025-03-07T18:46:53.111+0000] {processor.py:927} WARNING - No viable dags retrieved from /opt/airflow/dags/check-dag-status/check_dags_constants.py
[2025-03-07T18:46:53.123+0000] {processor.py:208} INFO - Processing /opt/airflow/dags/check-dag-status/check_dags_constants.py took 0.026 seconds
[2025-03-07T18:47:23.376+0000] {processor.py:186} INFO - Started process (PID=408) to work on /opt/airflow/dags/check-dag-status/check_dags_constants.py
[2025-03-07T18:47:23.377+0000] {processor.py:914} INFO - Processing file /opt/airflow/dags/check-dag-status/check_dags_constants.py for tasks to queue
[2025-03-07T18:47:23.379+0000] {logging_mixin.py:190} INFO - [2025-03-07T18:47:23.379+0000] {dagbag.py:588} INFO - Filling up the DagBag from /opt/airflow/dags/check-dag-status/check_dags_constants.py
[2025-03-07T18:47:23.381+0000] {processor.py:927} WARNING - No viable dags retrieved from /opt/airflow/dags/check-dag-status/check_dags_constants.py
[2025-03-07T18:47:23.395+0000] {processor.py:208} INFO - Processing /opt/airflow/dags/check-dag-status/check_dags_constants.py took 0.028 seconds
[2025-03-07T18:47:53.679+0000] {processor.py:186} INFO - Started process (PID=416) to work on /opt/airflow/dags/check-dag-status/check_dags_constants.py
[2025-03-07T18:47:53.679+0000] {processor.py:914} INFO - Processing file /opt/airflow/dags/check-dag-status/check_dags_constants.py for tasks to queue
[2025-03-07T18:47:53.680+0000] {logging_mixin.py:190} INFO - [2025-03-07T18:47:53.680+0000] {dagbag.py:588} INFO - Filling up the DagBag from /opt/airflow/dags/check-dag-status/check_dags_constants.py
[2025-03-07T18:47:53.682+0000] {processor.py:927} WARNING - No viable dags retrieved from /opt/airflow/dags/check-dag-status/check_dags_constants.py
[2025-03-07T18:47:53.697+0000] {processor.py:208} INFO - Processing /opt/airflow/dags/check-dag-status/check_dags_constants.py took 0.022 seconds
[2025-03-07T18:48:23.970+0000] {processor.py:186} INFO - Started process (PID=424) to work on /opt/airflow/dags/check-dag-status/check_dags_constants.py
[2025-03-07T18:48:23.971+0000] {processor.py:914} INFO - Processing file /opt/airflow/dags/check-dag-status/check_dags_constants.py for tasks to queue
[2025-03-07T18:48:23.973+0000] {logging_mixin.py:190} INFO - [2025-03-07T18:48:23.972+0000] {dagbag.py:588} INFO - Filling up the DagBag from /opt/airflow/dags/check-dag-status/check_dags_constants.py
[2025-03-07T18:48:23.975+0000] {processor.py:927} WARNING - No viable dags retrieved from /opt/airflow/dags/check-dag-status/check_dags_constants.py
[2025-03-07T18:48:23.995+0000] {processor.py:208} INFO - Processing /opt/airflow/dags/check-dag-status/check_dags_constants.py took 0.035 seconds
[2025-03-07T18:48:54.248+0000] {processor.py:186} INFO - Started process (PID=431) to work on /opt/airflow/dags/check-dag-status/check_dags_constants.py
[2025-03-07T18:48:54.249+0000] {processor.py:914} INFO - Processing file /opt/airflow/dags/check-dag-status/check_dags_constants.py for tasks to queue
[2025-03-07T18:48:54.251+0000] {logging_mixin.py:190} INFO - [2025-03-07T18:48:54.250+0000] {dagbag.py:588} INFO - Filling up the DagBag from /opt/airflow/dags/check-dag-status/check_dags_constants.py
[2025-03-07T18:48:54.253+0000] {processor.py:927} WARNING - No viable dags retrieved from /opt/airflow/dags/check-dag-status/check_dags_constants.py
[2025-03-07T18:48:54.266+0000] {processor.py:208} INFO - Processing /opt/airflow/dags/check-dag-status/check_dags_constants.py took 0.024 seconds
[2025-03-07T18:49:24.532+0000] {processor.py:186} INFO - Started process (PID=439) to work on /opt/airflow/dags/check-dag-status/check_dags_constants.py
[2025-03-07T18:49:24.533+0000] {processor.py:914} INFO - Processing file /opt/airflow/dags/check-dag-status/check_dags_constants.py for tasks to queue
[2025-03-07T18:49:24.535+0000] {logging_mixin.py:190} INFO - [2025-03-07T18:49:24.535+0000] {dagbag.py:588} INFO - Filling up the DagBag from /opt/airflow/dags/check-dag-status/check_dags_constants.py
[2025-03-07T18:49:24.537+0000] {processor.py:927} WARNING - No viable dags retrieved from /opt/airflow/dags/check-dag-status/check_dags_constants.py
[2025-03-07T18:49:24.547+0000] {processor.py:208} INFO - Processing /opt/airflow/dags/check-dag-status/check_dags_constants.py took 0.022 seconds
[2025-03-07T18:49:54.810+0000] {processor.py:186} INFO - Started process (PID=447) to work on /opt/airflow/dags/check-dag-status/check_dags_constants.py
[2025-03-07T18:49:54.811+0000] {processor.py:914} INFO - Processing file /opt/airflow/dags/check-dag-status/check_dags_constants.py for tasks to queue
[2025-03-07T18:49:54.812+0000] {logging_mixin.py:190} INFO - [2025-03-07T18:49:54.812+0000] {dagbag.py:588} INFO - Filling up the DagBag from /opt/airflow/dags/check-dag-status/check_dags_constants.py
[2025-03-07T18:49:54.814+0000] {processor.py:927} WARNING - No viable dags retrieved from /opt/airflow/dags/check-dag-status/check_dags_constants.py
[2025-03-07T18:49:54.824+0000] {processor.py:208} INFO - Processing /opt/airflow/dags/check-dag-status/check_dags_constants.py took 0.018 seconds
[2025-03-07T18:50:25.103+0000] {processor.py:186} INFO - Started process (PID=455) to work on /opt/airflow/dags/check-dag-status/check_dags_constants.py
[2025-03-07T18:50:25.103+0000] {processor.py:914} INFO - Processing file /opt/airflow/dags/check-dag-status/check_dags_constants.py for tasks to queue
[2025-03-07T18:50:25.105+0000] {logging_mixin.py:190} INFO - [2025-03-07T18:50:25.104+0000] {dagbag.py:588} INFO - Filling up the DagBag from /opt/airflow/dags/check-dag-status/check_dags_constants.py
[2025-03-07T18:50:25.106+0000] {processor.py:927} WARNING - No viable dags retrieved from /opt/airflow/dags/check-dag-status/check_dags_constants.py
[2025-03-07T18:50:25.122+0000] {processor.py:208} INFO - Processing /opt/airflow/dags/check-dag-status/check_dags_constants.py took 0.023 seconds
[2025-03-07T18:50:55.406+0000] {processor.py:186} INFO - Started process (PID=462) to work on /opt/airflow/dags/check-dag-status/check_dags_constants.py
[2025-03-07T18:50:55.407+0000] {processor.py:914} INFO - Processing file /opt/airflow/dags/check-dag-status/check_dags_constants.py for tasks to queue
[2025-03-07T18:50:55.409+0000] {logging_mixin.py:190} INFO - [2025-03-07T18:50:55.408+0000] {dagbag.py:588} INFO - Filling up the DagBag from /opt/airflow/dags/check-dag-status/check_dags_constants.py
[2025-03-07T18:50:55.411+0000] {processor.py:927} WARNING - No viable dags retrieved from /opt/airflow/dags/check-dag-status/check_dags_constants.py
[2025-03-07T18:50:55.430+0000] {processor.py:208} INFO - Processing /opt/airflow/dags/check-dag-status/check_dags_constants.py took 0.031 seconds
[2025-03-07T18:51:25.711+0000] {processor.py:186} INFO - Started process (PID=470) to work on /opt/airflow/dags/check-dag-status/check_dags_constants.py
[2025-03-07T18:51:25.712+0000] {processor.py:914} INFO - Processing file /opt/airflow/dags/check-dag-status/check_dags_constants.py for tasks to queue
[2025-03-07T18:51:25.714+0000] {logging_mixin.py:190} INFO - [2025-03-07T18:51:25.714+0000] {dagbag.py:588} INFO - Filling up the DagBag from /opt/airflow/dags/check-dag-status/check_dags_constants.py
[2025-03-07T18:51:25.716+0000] {processor.py:927} WARNING - No viable dags retrieved from /opt/airflow/dags/check-dag-status/check_dags_constants.py
[2025-03-07T18:51:25.729+0000] {processor.py:208} INFO - Processing /opt/airflow/dags/check-dag-status/check_dags_constants.py took 0.024 seconds
[2025-03-07T18:51:56.019+0000] {processor.py:186} INFO - Started process (PID=477) to work on /opt/airflow/dags/check-dag-status/check_dags_constants.py
[2025-03-07T18:51:56.020+0000] {processor.py:914} INFO - Processing file /opt/airflow/dags/check-dag-status/check_dags_constants.py for tasks to queue
[2025-03-07T18:51:56.023+0000] {logging_mixin.py:190} INFO - [2025-03-07T18:51:56.022+0000] {dagbag.py:588} INFO - Filling up the DagBag from /opt/airflow/dags/check-dag-status/check_dags_constants.py
[2025-03-07T18:51:56.025+0000] {processor.py:927} WARNING - No viable dags retrieved from /opt/airflow/dags/check-dag-status/check_dags_constants.py
[2025-03-07T18:51:56.040+0000] {processor.py:208} INFO - Processing /opt/airflow/dags/check-dag-status/check_dags_constants.py took 0.028 seconds
[2025-03-07T18:52:26.286+0000] {processor.py:186} INFO - Started process (PID=485) to work on /opt/airflow/dags/check-dag-status/check_dags_constants.py
[2025-03-07T18:52:26.287+0000] {processor.py:914} INFO - Processing file /opt/airflow/dags/check-dag-status/check_dags_constants.py for tasks to queue
[2025-03-07T18:52:26.289+0000] {logging_mixin.py:190} INFO - [2025-03-07T18:52:26.289+0000] {dagbag.py:588} INFO - Filling up the DagBag from /opt/airflow/dags/check-dag-status/check_dags_constants.py
[2025-03-07T18:52:26.292+0000] {processor.py:927} WARNING - No viable dags retrieved from /opt/airflow/dags/check-dag-status/check_dags_constants.py
[2025-03-07T18:52:26.309+0000] {processor.py:208} INFO - Processing /opt/airflow/dags/check-dag-status/check_dags_constants.py took 0.033 seconds
[2025-03-07T18:52:56.565+0000] {processor.py:186} INFO - Started process (PID=493) to work on /opt/airflow/dags/check-dag-status/check_dags_constants.py
[2025-03-07T18:52:56.566+0000] {processor.py:914} INFO - Processing file /opt/airflow/dags/check-dag-status/check_dags_constants.py for tasks to queue
[2025-03-07T18:52:56.568+0000] {logging_mixin.py:190} INFO - [2025-03-07T18:52:56.567+0000] {dagbag.py:588} INFO - Filling up the DagBag from /opt/airflow/dags/check-dag-status/check_dags_constants.py
[2025-03-07T18:52:56.569+0000] {processor.py:927} WARNING - No viable dags retrieved from /opt/airflow/dags/check-dag-status/check_dags_constants.py
[2025-03-07T18:52:56.585+0000] {processor.py:208} INFO - Processing /opt/airflow/dags/check-dag-status/check_dags_constants.py took 0.027 seconds
[2025-03-07T18:53:26.884+0000] {processor.py:186} INFO - Started process (PID=502) to work on /opt/airflow/dags/check-dag-status/check_dags_constants.py
[2025-03-07T18:53:26.885+0000] {processor.py:914} INFO - Processing file /opt/airflow/dags/check-dag-status/check_dags_constants.py for tasks to queue
[2025-03-07T18:53:26.886+0000] {logging_mixin.py:190} INFO - [2025-03-07T18:53:26.886+0000] {dagbag.py:588} INFO - Filling up the DagBag from /opt/airflow/dags/check-dag-status/check_dags_constants.py
[2025-03-07T18:53:26.888+0000] {processor.py:927} WARNING - No viable dags retrieved from /opt/airflow/dags/check-dag-status/check_dags_constants.py
[2025-03-07T18:53:26.904+0000] {processor.py:208} INFO - Processing /opt/airflow/dags/check-dag-status/check_dags_constants.py took 0.026 seconds
[2025-03-07T18:53:57.174+0000] {processor.py:186} INFO - Started process (PID=511) to work on /opt/airflow/dags/check-dag-status/check_dags_constants.py
[2025-03-07T18:53:57.174+0000] {processor.py:914} INFO - Processing file /opt/airflow/dags/check-dag-status/check_dags_constants.py for tasks to queue
[2025-03-07T18:53:57.176+0000] {logging_mixin.py:190} INFO - [2025-03-07T18:53:57.176+0000] {dagbag.py:588} INFO - Filling up the DagBag from /opt/airflow/dags/check-dag-status/check_dags_constants.py
[2025-03-07T18:53:57.178+0000] {processor.py:927} WARNING - No viable dags retrieved from /opt/airflow/dags/check-dag-status/check_dags_constants.py
[2025-03-07T18:53:57.193+0000] {processor.py:208} INFO - Processing /opt/airflow/dags/check-dag-status/check_dags_constants.py took 0.026 seconds
[2025-03-07T18:54:27.495+0000] {processor.py:186} INFO - Started process (PID=520) to work on /opt/airflow/dags/check-dag-status/check_dags_constants.py
[2025-03-07T18:54:27.496+0000] {processor.py:914} INFO - Processing file /opt/airflow/dags/check-dag-status/check_dags_constants.py for tasks to queue
[2025-03-07T18:54:27.499+0000] {logging_mixin.py:190} INFO - [2025-03-07T18:54:27.498+0000] {dagbag.py:588} INFO - Filling up the DagBag from /opt/airflow/dags/check-dag-status/check_dags_constants.py
[2025-03-07T18:54:27.501+0000] {processor.py:927} WARNING - No viable dags retrieved from /opt/airflow/dags/check-dag-status/check_dags_constants.py
[2025-03-07T18:54:27.518+0000] {processor.py:208} INFO - Processing /opt/airflow/dags/check-dag-status/check_dags_constants.py took 0.031 seconds
[2025-03-07T18:54:57.766+0000] {processor.py:186} INFO - Started process (PID=529) to work on /opt/airflow/dags/check-dag-status/check_dags_constants.py
[2025-03-07T18:54:57.767+0000] {processor.py:914} INFO - Processing file /opt/airflow/dags/check-dag-status/check_dags_constants.py for tasks to queue
[2025-03-07T18:54:57.768+0000] {logging_mixin.py:190} INFO - [2025-03-07T18:54:57.768+0000] {dagbag.py:588} INFO - Filling up the DagBag from /opt/airflow/dags/check-dag-status/check_dags_constants.py
[2025-03-07T18:54:57.769+0000] {processor.py:927} WARNING - No viable dags retrieved from /opt/airflow/dags/check-dag-status/check_dags_constants.py
[2025-03-07T18:54:57.781+0000] {processor.py:208} INFO - Processing /opt/airflow/dags/check-dag-status/check_dags_constants.py took 0.019 seconds
[2025-03-07T18:55:28.074+0000] {processor.py:186} INFO - Started process (PID=538) to work on /opt/airflow/dags/check-dag-status/check_dags_constants.py
[2025-03-07T18:55:28.075+0000] {processor.py:914} INFO - Processing file /opt/airflow/dags/check-dag-status/check_dags_constants.py for tasks to queue
[2025-03-07T18:55:28.077+0000] {logging_mixin.py:190} INFO - [2025-03-07T18:55:28.076+0000] {dagbag.py:588} INFO - Filling up the DagBag from /opt/airflow/dags/check-dag-status/check_dags_constants.py
[2025-03-07T18:55:28.079+0000] {processor.py:927} WARNING - No viable dags retrieved from /opt/airflow/dags/check-dag-status/check_dags_constants.py
[2025-03-07T18:55:28.091+0000] {processor.py:208} INFO - Processing /opt/airflow/dags/check-dag-status/check_dags_constants.py took 0.026 seconds
[2025-03-07T18:55:58.367+0000] {processor.py:186} INFO - Started process (PID=547) to work on /opt/airflow/dags/check-dag-status/check_dags_constants.py
[2025-03-07T18:55:58.368+0000] {processor.py:914} INFO - Processing file /opt/airflow/dags/check-dag-status/check_dags_constants.py for tasks to queue
[2025-03-07T18:55:58.370+0000] {logging_mixin.py:190} INFO - [2025-03-07T18:55:58.369+0000] {dagbag.py:588} INFO - Filling up the DagBag from /opt/airflow/dags/check-dag-status/check_dags_constants.py
[2025-03-07T18:55:58.372+0000] {processor.py:927} WARNING - No viable dags retrieved from /opt/airflow/dags/check-dag-status/check_dags_constants.py
[2025-03-07T18:55:58.388+0000] {processor.py:208} INFO - Processing /opt/airflow/dags/check-dag-status/check_dags_constants.py took 0.028 seconds
[2025-03-07T18:56:28.680+0000] {processor.py:186} INFO - Started process (PID=556) to work on /opt/airflow/dags/check-dag-status/check_dags_constants.py
[2025-03-07T18:56:28.681+0000] {processor.py:914} INFO - Processing file /opt/airflow/dags/check-dag-status/check_dags_constants.py for tasks to queue
[2025-03-07T18:56:28.685+0000] {logging_mixin.py:190} INFO - [2025-03-07T18:56:28.684+0000] {dagbag.py:588} INFO - Filling up the DagBag from /opt/airflow/dags/check-dag-status/check_dags_constants.py
[2025-03-07T18:56:28.687+0000] {processor.py:927} WARNING - No viable dags retrieved from /opt/airflow/dags/check-dag-status/check_dags_constants.py
[2025-03-07T18:56:28.707+0000] {processor.py:208} INFO - Processing /opt/airflow/dags/check-dag-status/check_dags_constants.py took 0.034 seconds
[2025-03-07T18:56:58.975+0000] {processor.py:186} INFO - Started process (PID=565) to work on /opt/airflow/dags/check-dag-status/check_dags_constants.py
[2025-03-07T18:56:58.977+0000] {processor.py:914} INFO - Processing file /opt/airflow/dags/check-dag-status/check_dags_constants.py for tasks to queue
[2025-03-07T18:56:58.978+0000] {logging_mixin.py:190} INFO - [2025-03-07T18:56:58.978+0000] {dagbag.py:588} INFO - Filling up the DagBag from /opt/airflow/dags/check-dag-status/check_dags_constants.py
[2025-03-07T18:56:58.980+0000] {processor.py:927} WARNING - No viable dags retrieved from /opt/airflow/dags/check-dag-status/check_dags_constants.py
[2025-03-07T18:56:58.994+0000] {processor.py:208} INFO - Processing /opt/airflow/dags/check-dag-status/check_dags_constants.py took 0.024 seconds
[2025-03-07T18:57:29.275+0000] {processor.py:186} INFO - Started process (PID=574) to work on /opt/airflow/dags/check-dag-status/check_dags_constants.py
[2025-03-07T18:57:29.276+0000] {processor.py:914} INFO - Processing file /opt/airflow/dags/check-dag-status/check_dags_constants.py for tasks to queue
[2025-03-07T18:57:29.278+0000] {logging_mixin.py:190} INFO - [2025-03-07T18:57:29.277+0000] {dagbag.py:588} INFO - Filling up the DagBag from /opt/airflow/dags/check-dag-status/check_dags_constants.py
[2025-03-07T18:57:29.280+0000] {processor.py:927} WARNING - No viable dags retrieved from /opt/airflow/dags/check-dag-status/check_dags_constants.py
[2025-03-07T18:57:29.293+0000] {processor.py:208} INFO - Processing /opt/airflow/dags/check-dag-status/check_dags_constants.py took 0.024 seconds
[2025-03-07T18:57:59.548+0000] {processor.py:186} INFO - Started process (PID=583) to work on /opt/airflow/dags/check-dag-status/check_dags_constants.py
[2025-03-07T18:57:59.548+0000] {processor.py:914} INFO - Processing file /opt/airflow/dags/check-dag-status/check_dags_constants.py for tasks to queue
[2025-03-07T18:57:59.549+0000] {logging_mixin.py:190} INFO - [2025-03-07T18:57:59.549+0000] {dagbag.py:588} INFO - Filling up the DagBag from /opt/airflow/dags/check-dag-status/check_dags_constants.py
[2025-03-07T18:57:59.551+0000] {processor.py:927} WARNING - No viable dags retrieved from /opt/airflow/dags/check-dag-status/check_dags_constants.py
[2025-03-07T18:57:59.563+0000] {processor.py:208} INFO - Processing /opt/airflow/dags/check-dag-status/check_dags_constants.py took 0.019 seconds
[2025-03-07T18:58:29.842+0000] {processor.py:186} INFO - Started process (PID=592) to work on /opt/airflow/dags/check-dag-status/check_dags_constants.py
[2025-03-07T18:58:29.842+0000] {processor.py:914} INFO - Processing file /opt/airflow/dags/check-dag-status/check_dags_constants.py for tasks to queue
[2025-03-07T18:58:29.843+0000] {logging_mixin.py:190} INFO - [2025-03-07T18:58:29.843+0000] {dagbag.py:588} INFO - Filling up the DagBag from /opt/airflow/dags/check-dag-status/check_dags_constants.py
[2025-03-07T18:58:29.845+0000] {processor.py:927} WARNING - No viable dags retrieved from /opt/airflow/dags/check-dag-status/check_dags_constants.py
[2025-03-07T18:58:29.862+0000] {processor.py:208} INFO - Processing /opt/airflow/dags/check-dag-status/check_dags_constants.py took 0.028 seconds
[2025-03-07T18:59:00.142+0000] {processor.py:186} INFO - Started process (PID=601) to work on /opt/airflow/dags/check-dag-status/check_dags_constants.py
[2025-03-07T18:59:00.144+0000] {processor.py:914} INFO - Processing file /opt/airflow/dags/check-dag-status/check_dags_constants.py for tasks to queue
[2025-03-07T18:59:00.146+0000] {logging_mixin.py:190} INFO - [2025-03-07T18:59:00.145+0000] {dagbag.py:588} INFO - Filling up the DagBag from /opt/airflow/dags/check-dag-status/check_dags_constants.py
[2025-03-07T18:59:00.147+0000] {processor.py:927} WARNING - No viable dags retrieved from /opt/airflow/dags/check-dag-status/check_dags_constants.py
[2025-03-07T18:59:00.161+0000] {processor.py:208} INFO - Processing /opt/airflow/dags/check-dag-status/check_dags_constants.py took 0.025 seconds
[2025-03-07T18:59:30.430+0000] {processor.py:186} INFO - Started process (PID=610) to work on /opt/airflow/dags/check-dag-status/check_dags_constants.py
[2025-03-07T18:59:30.430+0000] {processor.py:914} INFO - Processing file /opt/airflow/dags/check-dag-status/check_dags_constants.py for tasks to queue
[2025-03-07T18:59:30.431+0000] {logging_mixin.py:190} INFO - [2025-03-07T18:59:30.431+0000] {dagbag.py:588} INFO - Filling up the DagBag from /opt/airflow/dags/check-dag-status/check_dags_constants.py
[2025-03-07T18:59:30.433+0000] {processor.py:927} WARNING - No viable dags retrieved from /opt/airflow/dags/check-dag-status/check_dags_constants.py
[2025-03-07T18:59:30.445+0000] {processor.py:208} INFO - Processing /opt/airflow/dags/check-dag-status/check_dags_constants.py took 0.021 seconds
[2025-03-07T19:00:00.675+0000] {processor.py:186} INFO - Started process (PID=619) to work on /opt/airflow/dags/check-dag-status/check_dags_constants.py
[2025-03-07T19:00:00.676+0000] {processor.py:914} INFO - Processing file /opt/airflow/dags/check-dag-status/check_dags_constants.py for tasks to queue
[2025-03-07T19:00:00.678+0000] {logging_mixin.py:190} INFO - [2025-03-07T19:00:00.678+0000] {dagbag.py:588} INFO - Filling up the DagBag from /opt/airflow/dags/check-dag-status/check_dags_constants.py
[2025-03-07T19:00:00.681+0000] {processor.py:927} WARNING - No viable dags retrieved from /opt/airflow/dags/check-dag-status/check_dags_constants.py
[2025-03-07T19:00:00.694+0000] {processor.py:208} INFO - Processing /opt/airflow/dags/check-dag-status/check_dags_constants.py took 0.025 seconds
