[2025-03-24T06:39:46.903+0000] {local_task_job_runner.py:123} INFO - ::group::Pre task execution logs
[2025-03-24T06:39:46.935+0000] {taskinstance.py:2614} INFO - Dependencies all met for dep_context=non-requeueable deps ti=<TaskInstance: data_eng_dag_etl.execute_snowflake_query manual__2025-03-24T06:39:44.975934+00:00 [queued]>
[2025-03-24T06:39:46.949+0000] {taskinstance.py:2614} INFO - Dependencies all met for dep_context=requeueable deps ti=<TaskInstance: data_eng_dag_etl.execute_snowflake_query manual__2025-03-24T06:39:44.975934+00:00 [queued]>
[2025-03-24T06:39:46.950+0000] {taskinstance.py:2867} INFO - Starting attempt 1 of 1
[2025-03-24T06:39:46.967+0000] {taskinstance.py:2890} INFO - Executing <Task(PythonOperator): execute_snowflake_query> on 2025-03-24 06:39:44.975934+00:00
[2025-03-24T06:39:46.978+0000] {warnings.py:112} WARNING - /home/***/.local/lib/python3.12/site-packages/***/task/task_runner/standard_task_runner.py:70: DeprecationWarning: This process (pid=364) is multi-threaded, use of fork() may lead to deadlocks in the child.
  pid = os.fork()

[2025-03-24T06:39:46.980+0000] {standard_task_runner.py:72} INFO - Started process 366 to run task
[2025-03-24T06:39:46.981+0000] {standard_task_runner.py:104} INFO - Running: ['***', 'tasks', 'run', 'data_eng_dag_etl', 'execute_snowflake_query', 'manual__2025-03-24T06:39:44.975934+00:00', '--job-id', '9', '--raw', '--subdir', 'DAGS_FOLDER/data-eng-dag-etl/dag.py', '--cfg-path', '/tmp/tmpzq_47zpl']
[2025-03-24T06:39:46.983+0000] {standard_task_runner.py:105} INFO - Job 9: Subtask execute_snowflake_query
[2025-03-24T06:39:47.045+0000] {task_command.py:467} INFO - Running <TaskInstance: data_eng_dag_etl.execute_snowflake_query manual__2025-03-24T06:39:44.975934+00:00 [running]> on host f95053ca36b0
[2025-03-24T06:39:47.149+0000] {taskinstance.py:3134} INFO - Exporting env vars: AIRFLOW_CTX_DAG_OWNER='***' AIRFLOW_CTX_DAG_ID='data_eng_dag_etl' AIRFLOW_CTX_TASK_ID='execute_snowflake_query' AIRFLOW_CTX_EXECUTION_DATE='2025-03-24T06:39:44.975934+00:00' AIRFLOW_CTX_TRY_NUMBER='1' AIRFLOW_CTX_DAG_RUN_ID='manual__2025-03-24T06:39:44.975934+00:00'
[2025-03-24T06:39:47.150+0000] {taskinstance.py:732} INFO - ::endgroup::
[2025-03-24T06:39:47.188+0000] {base.py:84} INFO - Retrieving connection 'snowflake_default'
[2025-03-24T06:39:47.189+0000] {connection.py:424} INFO - Snowflake Connector for Python Version: 3.13.2, Python Version: 3.12.9, Platform: Linux-6.8.0-52-generic-x86_64-with-glibc2.36
[2025-03-24T06:39:47.190+0000] {connection.py:1213} INFO - Connecting to GLOBAL Snowflake domain
[2025-03-24T06:39:47.190+0000] {connection.py:1295} INFO - This connection is in OCSP Fail Open Mode. TLS Certificates would be checked for validity and revocation status. Any other Certificate Revocation related exceptions or OCSP Responder failures would be disregarded in favor of connectivity.
[2025-03-24T06:39:58.249+0000] {sql.py:511} INFO - Running statement: SELECT CURRENT_DATE;, parameters: None
[2025-03-24T06:39:58.556+0000] {sql.py:520} INFO - Rows affected: 1
[2025-03-24T06:39:58.557+0000] {warnings.py:112} WARNING - /home/***/.local/lib/python3.12/site-packages/***/providers/snowflake/hooks/snowflake.py:468: DeprecationWarning: Import of fetch_one_handler from the '***.providers.common.sql.hooks' module is deprecated and will
be removed in the future. Please import it from '***.providers.common.sql.hooks.handlers'.
  result = self._make_common_data_structure(handler(cur))  # type: ignore[attr-defined]

[2025-03-24T06:39:58.564+0000] {warnings.py:112} WARNING - /home/***/.local/lib/python3.12/site-packages/***/providers/snowflake/hooks/snowflake.py:469: DeprecationWarning: Import of return_single_query_results from the '***.providers.common.sql.hooks' module is deprecated and will
be removed in the future. Please import it from '***.providers.common.sql.hooks.handlers'.
  if return_single_query_results(sql, return_last, split_statements):

[2025-03-24T06:39:58.565+0000] {snowflake.py:477} INFO - Rows affected: 1
[2025-03-24T06:39:58.566+0000] {snowflake.py:478} INFO - Snowflake query id: 01bb376f-0907-c6ea-006a-f20300769752
[2025-03-24T06:39:58.963+0000] {connection.py:803} INFO - closed
[2025-03-24T06:39:59.271+0000] {connection.py:809} INFO - No async queries seem to be running, deleting session
[2025-03-24T06:39:59.579+0000] {warnings.py:112} WARNING - /home/***/.local/lib/python3.12/site-packages/***/providers/snowflake/hooks/snowflake.py:487: DeprecationWarning: Import of return_single_query_results from the '***.providers.common.sql.hooks' module is deprecated and will
be removed in the future. Please import it from '***.providers.common.sql.hooks.handlers'.
  if return_single_query_results(sql, return_last, split_statements):

[2025-03-24T06:39:59.580+0000] {logging_mixin.py:190} INFO - (datetime.date(2025, 3, 23),)
[2025-03-24T06:39:59.580+0000] {python.py:240} INFO - Done. Returned value was: None
[2025-03-24T06:39:59.590+0000] {taskinstance.py:341} INFO - ::group::Post task execution logs
[2025-03-24T06:39:59.590+0000] {taskinstance.py:353} INFO - Marking task as SUCCESS. dag_id=data_eng_dag_etl, task_id=execute_snowflake_query, run_id=manual__2025-03-24T06:39:44.975934+00:00, execution_date=20250324T063944, start_date=20250324T063946, end_date=20250324T063959
[2025-03-24T06:39:59.639+0000] {local_task_job_runner.py:266} INFO - Task exited with return code 0
[2025-03-24T06:39:59.656+0000] {taskinstance.py:3901} INFO - 0 downstream tasks scheduled from follow-on schedule check
[2025-03-24T06:39:59.658+0000] {local_task_job_runner.py:245} INFO - ::endgroup::
